[debug] [2021-11-16T08:43:36.367Z] ----------------------------------------------------------------------
[debug] [2021-11-16T08:43:36.369Z] Command:       C:\Users\lonar\node_modules\node\bin\node.exe C:\Users\lonar\AppData\Roaming\npm\node_modules\firebase-tools\lib\bin\firebase.js deploy --only functions,hosting
[debug] [2021-11-16T08:43:36.369Z] CLI Version:   9.22.0
[debug] [2021-11-16T08:43:36.369Z] Platform:      win32
[debug] [2021-11-16T08:43:36.369Z] Node Version:  v16.10.0
[debug] [2021-11-16T08:43:36.370Z] Time:          Tue Nov 16 2021 09:43:36 GMT+0100 (Central European Standard Time)
[debug] [2021-11-16T08:43:36.370Z] ----------------------------------------------------------------------
[debug] 
[debug] [2021-11-16T08:43:36.421Z] > command requires scopes: ["email","openid","https://www.googleapis.com/auth/cloudplatformprojects.readonly","https://www.googleapis.com/auth/firebase","https://www.googleapis.com/auth/cloud-platform"]
[debug] [2021-11-16T08:43:36.422Z] > authorizing via signed-in user (leonard.l81.ll@gmail.com)
[debug] [2021-11-16T08:43:36.422Z] [iam] checking project myreactcryptotracker for permissions ["cloudfunctions.functions.create","cloudfunctions.functions.delete","cloudfunctions.functions.get","cloudfunctions.functions.list","cloudfunctions.functions.update","cloudfunctions.operations.get","firebase.projects.get","firebasehosting.sites.update"]
[debug] [2021-11-16T08:43:36.424Z] >>> HTTP REQUEST POST https://cloudresourcemanager.googleapis.com/v1/projects/myreactcryptotracker:testIamPermissions  
 {"permissions":["cloudfunctions.functions.create","cloudfunctions.functions.delete","cloudfunctions.functions.get","cloudfunctions.functions.list","cloudfunctions.functions.update","cloudfunctions.operations.get","firebase.projects.get","firebasehosting.sites.update"]}
[debug] [2021-11-16T08:43:37.310Z] <<< HTTP RESPONSE 200 {"content-type":"application/json; charset=UTF-8","vary":"X-Origin, Referer, Origin,Accept-Encoding","date":"Tue, 16 Nov 2021 08:43:36 GMT","server":"ESF","cache-control":"private","x-xss-protection":"0","x-frame-options":"SAMEORIGIN","x-content-type-options":"nosniff","server-timing":"gfet4t7; dur=131","alt-svc":"h3=\":443\"; ma=2592000,h3-29=\":443\"; ma=2592000,h3-Q050=\":443\"; ma=2592000,h3-Q046=\":443\"; ma=2592000,h3-Q043=\":443\"; ma=2592000,quic=\":443\"; ma=2592000; v=\"46,43\"","accept-ranges":"none","transfer-encoding":"chunked"}
[debug] [2021-11-16T08:43:37.315Z] >>> HTTP REQUEST POST https://iam.googleapis.com/v1/projects/myreactcryptotracker/serviceAccounts/myreactcryptotracker@appspot.gserviceaccount.com:testIamPermissions  
 {"permissions":["iam.serviceAccounts.actAs"]}
[debug] [2021-11-16T08:43:38.308Z] <<< HTTP RESPONSE 200 {"content-type":"application/json; charset=UTF-8","vary":"X-Origin, Referer, Origin,Accept-Encoding","date":"Tue, 16 Nov 2021 08:43:37 GMT","server":"ESF","cache-control":"private","x-xss-protection":"0","x-frame-options":"SAMEORIGIN","x-content-type-options":"nosniff","alt-svc":"h3=\":443\"; ma=2592000,h3-29=\":443\"; ma=2592000,h3-Q050=\":443\"; ma=2592000,h3-Q046=\":443\"; ma=2592000,h3-Q043=\":443\"; ma=2592000,quic=\":443\"; ma=2592000; v=\"46,43\"","accept-ranges":"none","transfer-encoding":"chunked"}
[debug] [2021-11-16T08:43:38.310Z] > refreshing access token with scopes: []
[debug] [2021-11-16T08:43:38.310Z] >>> HTTP REQUEST POST https://www.googleapis.com/oauth2/v3/token  
 <request body omitted>
[debug] [2021-11-16T08:43:39.032Z] <<< HTTP RESPONSE 200 {"pragma":"no-cache","expires":"Mon, 01 Jan 1990 00:00:00 GMT","date":"Tue, 16 Nov 2021 08:43:38 GMT","cache-control":"no-cache, no-store, max-age=0, must-revalidate","content-type":"application/json; charset=utf-8","vary":"X-Origin, Referer, Origin,Accept-Encoding","server":"scaffolding on HTTPServer2","x-xss-protection":"0","x-frame-options":"SAMEORIGIN","x-content-type-options":"nosniff","alt-svc":"h3=\":443\"; ma=2592000,h3-29=\":443\"; ma=2592000,h3-Q050=\":443\"; ma=2592000,h3-Q046=\":443\"; ma=2592000,h3-Q043=\":443\"; ma=2592000,quic=\":443\"; ma=2592000; v=\"46,43\"","accept-ranges":"none","transfer-encoding":"chunked"}
[debug] [2021-11-16T08:43:39.066Z] >>> [apiv2][query] GET https://firebase.googleapis.com/v1beta1/projects/myreactcryptotracker [none]
[debug] [2021-11-16T08:43:39.889Z] <<< [apiv2][status] GET https://firebase.googleapis.com/v1beta1/projects/myreactcryptotracker 200
[debug] [2021-11-16T08:43:39.889Z] <<< [apiv2][body] GET https://firebase.googleapis.com/v1beta1/projects/myreactcryptotracker {"projectId":"myreactcryptotracker","projectNumber":"1020971501865","displayName":"MyReactCryptoTracker","name":"projects/myreactcryptotracker","resources":{"hostingSite":"myreactcryptotracker"},"state":"ACTIVE"}
[info] 
[info] === Deploying to 'myreactcryptotracker'...
[info] 
[info] i  deploying functions, hosting 
[debug] [2021-11-16T08:43:39.894Z] Validating nodejs source
[debug] [2021-11-16T08:43:44.018Z] > [functions] package.json contents: {
  "name": "crypto-react",
  "main": "server.js",
  "private": true,
  "scripts": {
    "dev": "next dev",
    "build": "next build",
    "start": "next start",
    "export": "next export",
    "deploy": "firebase deploy --only functions,hosting",
    "lint": "next lint"
  },
  "dependencies": {
    "axios": "^0.24.0",
    "bootstrap": "^5.1.3",
    "export": "^0.1.337",
    "firebase-admin": "^10.0.0",
    "firebase-functions": "^3.16.0",
    "next": "^12.0.4-canary.4",
    "next-compose-plugins": "^2.2.1",
    "next-optimized-images": "^1.4.2",
    "react": "17.0.2",
    "react-dom": "17.0.2",
    "react-icons": "^4.3.1",
    "react-scroll": "^1.8.4",
    "sharp": "^0.29.2"
  },
  "devDependencies": {
    "eslint": "7.32.0",
    "eslint-config-next": "12.0.3"
  }
}
[debug] [2021-11-16T08:43:44.019Z] Building nodejs source
[info] i  functions: ensuring required API cloudfunctions.googleapis.com is enabled... 
[debug] [2021-11-16T08:43:44.020Z] > refreshing access token with scopes: ["email","https://www.googleapis.com/auth/cloud-platform","https://www.googleapis.com/auth/cloudplatformprojects.readonly","https://www.googleapis.com/auth/firebase","openid"]
[debug] [2021-11-16T08:43:44.020Z] >>> HTTP REQUEST POST https://www.googleapis.com/oauth2/v3/token  
 <request body omitted>
[debug] [2021-11-16T08:43:44.021Z] > refreshing access token with scopes: ["email","https://www.googleapis.com/auth/cloud-platform","https://www.googleapis.com/auth/cloudplatformprojects.readonly","https://www.googleapis.com/auth/firebase","openid"]
[debug] [2021-11-16T08:43:44.021Z] >>> HTTP REQUEST POST https://www.googleapis.com/oauth2/v3/token  
 <request body omitted>
[info] i  functions: ensuring required API cloudbuild.googleapis.com is enabled... 
[debug] [2021-11-16T08:43:44.022Z] > refreshing access token with scopes: ["email","https://www.googleapis.com/auth/cloud-platform","https://www.googleapis.com/auth/cloudplatformprojects.readonly","https://www.googleapis.com/auth/firebase","openid"]
[debug] [2021-11-16T08:43:44.022Z] >>> HTTP REQUEST POST https://www.googleapis.com/oauth2/v3/token  
 <request body omitted>
[debug] [2021-11-16T08:43:44.573Z] <<< HTTP RESPONSE 200 {"expires":"Mon, 01 Jan 1990 00:00:00 GMT","date":"Tue, 16 Nov 2021 08:43:43 GMT","pragma":"no-cache","cache-control":"no-cache, no-store, max-age=0, must-revalidate","content-type":"application/json; charset=utf-8","vary":"X-Origin, Referer, Origin,Accept-Encoding","server":"scaffolding on HTTPServer2","x-xss-protection":"0","x-frame-options":"SAMEORIGIN","x-content-type-options":"nosniff","alt-svc":"h3=\":443\"; ma=2592000,h3-29=\":443\"; ma=2592000,h3-Q050=\":443\"; ma=2592000,h3-Q046=\":443\"; ma=2592000,h3-Q043=\":443\"; ma=2592000,quic=\":443\"; ma=2592000; v=\"46,43\"","accept-ranges":"none","transfer-encoding":"chunked"}
[debug] [2021-11-16T08:43:44.594Z] >>> HTTP REQUEST GET https://serviceusage.googleapis.com/v1/projects/myreactcryptotracker/services/runtimeconfig.googleapis.com  
 
[debug] [2021-11-16T08:43:44.596Z] <<< HTTP RESPONSE 200 {"cache-control":"no-cache, no-store, max-age=0, must-revalidate","date":"Tue, 16 Nov 2021 08:43:43 GMT","expires":"Mon, 01 Jan 1990 00:00:00 GMT","pragma":"no-cache","content-type":"application/json; charset=utf-8","vary":"X-Origin, Referer, Origin,Accept-Encoding","server":"scaffolding on HTTPServer2","x-xss-protection":"0","x-frame-options":"SAMEORIGIN","x-content-type-options":"nosniff","alt-svc":"h3=\":443\"; ma=2592000,h3-29=\":443\"; ma=2592000,h3-Q050=\":443\"; ma=2592000,h3-Q046=\":443\"; ma=2592000,h3-Q043=\":443\"; ma=2592000,quic=\":443\"; ma=2592000; v=\"46,43\"","accept-ranges":"none","transfer-encoding":"chunked"}
[debug] [2021-11-16T08:43:44.616Z] >>> HTTP REQUEST GET https://serviceusage.googleapis.com/v1/projects/myreactcryptotracker/services/cloudfunctions.googleapis.com  
 
[debug] [2021-11-16T08:43:44.617Z] <<< HTTP RESPONSE 200 {"pragma":"no-cache","expires":"Mon, 01 Jan 1990 00:00:00 GMT","date":"Tue, 16 Nov 2021 08:43:43 GMT","cache-control":"no-cache, no-store, max-age=0, must-revalidate","content-type":"application/json; charset=utf-8","vary":"X-Origin, Referer, Origin,Accept-Encoding","server":"scaffolding on HTTPServer2","x-xss-protection":"0","x-frame-options":"SAMEORIGIN","x-content-type-options":"nosniff","alt-svc":"h3=\":443\"; ma=2592000,h3-29=\":443\"; ma=2592000,h3-Q050=\":443\"; ma=2592000,h3-Q046=\":443\"; ma=2592000,h3-Q043=\":443\"; ma=2592000,quic=\":443\"; ma=2592000; v=\"46,43\"","accept-ranges":"none","transfer-encoding":"chunked"}
[debug] [2021-11-16T08:43:44.634Z] >>> HTTP REQUEST GET https://serviceusage.googleapis.com/v1/projects/myreactcryptotracker/services/cloudbuild.googleapis.com  
 
[debug] [2021-11-16T08:43:45.689Z] <<< HTTP RESPONSE 200 {"content-type":"application/json; charset=UTF-8","vary":"X-Origin, Referer, Origin,Accept-Encoding","date":"Tue, 16 Nov 2021 08:43:44 GMT","server":"ESF","cache-control":"private","x-xss-protection":"0","x-frame-options":"SAMEORIGIN","x-content-type-options":"nosniff","alt-svc":"h3=\":443\"; ma=2592000,h3-29=\":443\"; ma=2592000,h3-Q050=\":443\"; ma=2592000,h3-Q046=\":443\"; ma=2592000,h3-Q043=\":443\"; ma=2592000,quic=\":443\"; ma=2592000; v=\"46,43\"","accept-ranges":"none","transfer-encoding":"chunked"}
[debug] [2021-11-16T08:43:45.954Z] <<< HTTP RESPONSE 200 {"content-type":"application/json; charset=UTF-8","vary":"X-Origin, Referer, Origin,Accept-Encoding","date":"Tue, 16 Nov 2021 08:43:44 GMT","server":"ESF","cache-control":"private","x-xss-protection":"0","x-frame-options":"SAMEORIGIN","x-content-type-options":"nosniff","alt-svc":"h3=\":443\"; ma=2592000,h3-29=\":443\"; ma=2592000,h3-Q050=\":443\"; ma=2592000,h3-Q046=\":443\"; ma=2592000,h3-Q043=\":443\"; ma=2592000,quic=\":443\"; ma=2592000; v=\"46,43\"","accept-ranges":"none","transfer-encoding":"chunked"}
[info] +  functions: required API cloudbuild.googleapis.com is enabled 
[debug] [2021-11-16T08:43:46.002Z] <<< HTTP RESPONSE 200 {"content-type":"application/json; charset=UTF-8","vary":"X-Origin, Referer, Origin,Accept-Encoding","date":"Tue, 16 Nov 2021 08:43:44 GMT","server":"ESF","cache-control":"private","x-xss-protection":"0","x-frame-options":"SAMEORIGIN","x-content-type-options":"nosniff","alt-svc":"h3=\":443\"; ma=2592000,h3-29=\":443\"; ma=2592000,h3-Q050=\":443\"; ma=2592000,h3-Q046=\":443\"; ma=2592000,h3-Q043=\":443\"; ma=2592000,quic=\":443\"; ma=2592000; v=\"46,43\"","accept-ranges":"none","transfer-encoding":"chunked"}
[info] +  functions: required API cloudfunctions.googleapis.com is enabled 
[debug] [2021-11-16T08:43:46.004Z] >>> HTTP REQUEST GET https://firebase.googleapis.com/v1beta1/projects/myreactcryptotracker/adminSdkConfig  
 
[debug] [2021-11-16T08:43:46.879Z] <<< HTTP RESPONSE 200 {"content-type":"application/json; charset=UTF-8","vary":"X-Origin, Referer, Origin,Accept-Encoding","date":"Tue, 16 Nov 2021 08:43:46 GMT","server":"ESF","cache-control":"private","x-xss-protection":"0","x-frame-options":"SAMEORIGIN","x-content-type-options":"nosniff","alt-svc":"h3=\":443\"; ma=2592000,h3-29=\":443\"; ma=2592000,h3-Q050=\":443\"; ma=2592000,h3-Q046=\":443\"; ma=2592000,h3-Q043=\":443\"; ma=2592000,quic=\":443\"; ma=2592000; v=\"46,43\"","accept-ranges":"none","transfer-encoding":"chunked"}
[debug] [2021-11-16T08:43:46.882Z] >>> HTTP REQUEST GET https://runtimeconfig.googleapis.com/v1beta1/projects/myreactcryptotracker/configs  
 
[debug] [2021-11-16T08:43:47.735Z] <<< HTTP RESPONSE 200 {"content-type":"application/json; charset=UTF-8","vary":"X-Origin, Referer, Origin,Accept-Encoding","date":"Tue, 16 Nov 2021 08:43:46 GMT","server":"ESF","cache-control":"private","x-xss-protection":"0","x-frame-options":"SAMEORIGIN","x-content-type-options":"nosniff","alt-svc":"h3=\":443\"; ma=2592000,h3-29=\":443\"; ma=2592000,h3-Q050=\":443\"; ma=2592000,h3-Q046=\":443\"; ma=2592000,h3-Q043=\":443\"; ma=2592000,quic=\":443\"; ma=2592000; v=\"46,43\"","accept-ranges":"none","transfer-encoding":"chunked"}
[debug] [2021-11-16T08:43:48.931Z] Analyzing nodejs backend spec
[info] i  functions: preparing . directory for uploading... 
[info] i  functions: packaged . (78.15 MB) for uploading 
[debug] [2021-11-16T08:43:54.665Z] >>> HTTP REQUEST GET https://cloudfunctions.googleapis.com/v1/projects/myreactcryptotracker/locations/-/functions  
 
[debug] [2021-11-16T08:43:55.768Z] <<< HTTP RESPONSE 200 {"content-type":"application/json; charset=UTF-8","vary":"X-Origin, Referer, Origin,Accept-Encoding","date":"Tue, 16 Nov 2021 08:43:54 GMT","server":"ESF","cache-control":"private","x-xss-protection":"0","x-frame-options":"SAMEORIGIN","x-content-type-options":"nosniff","alt-svc":"h3=\":443\"; ma=2592000,h3-29=\":443\"; ma=2592000,h3-Q050=\":443\"; ma=2592000,h3-Q046=\":443\"; ma=2592000,h3-Q043=\":443\"; ma=2592000,quic=\":443\"; ma=2592000; v=\"46,43\"","accept-ranges":"none","transfer-encoding":"chunked"}
[debug] [2021-11-16T08:43:55.772Z] >>> HTTP REQUEST POST https://firebasehosting.googleapis.com/v1beta1/sites/myreactcryptotracker/versions  
 {"config":{"rewrites":[{"glob":"**","function":"nextServer"}]},"labels":{"deployment-tool":"cli-firebase"}}
[debug] [2021-11-16T08:43:57.121Z] <<< HTTP RESPONSE 200 {"content-type":"application/json; charset=UTF-8","vary":"X-Origin, Referer, Origin,Accept-Encoding","date":"Tue, 16 Nov 2021 08:43:56 GMT","server":"ESF","cache-control":"private","x-xss-protection":"0","x-frame-options":"SAMEORIGIN","x-content-type-options":"nosniff","alt-svc":"h3=\":443\"; ma=2592000,h3-29=\":443\"; ma=2592000,h3-Q050=\":443\"; ma=2592000,h3-Q046=\":443\"; ma=2592000,h3-Q043=\":443\"; ma=2592000,quic=\":443\"; ma=2592000; v=\"46,43\"","accept-ranges":"none","transfer-encoding":"chunked"}
[debug] [2021-11-16T08:43:57.123Z] >>> HTTP REQUEST POST https://cloudfunctions.googleapis.com/v1/projects/myreactcryptotracker/locations/us-central1/functions:generateUploadUrl  
 
[debug] [2021-11-16T08:43:58.173Z] <<< HTTP RESPONSE 200 {"content-type":"application/json; charset=UTF-8","vary":"X-Origin, Referer, Origin,Accept-Encoding","date":"Tue, 16 Nov 2021 08:43:57 GMT","server":"ESF","cache-control":"private","x-xss-protection":"0","x-frame-options":"SAMEORIGIN","x-content-type-options":"nosniff","alt-svc":"h3=\":443\"; ma=2592000,h3-29=\":443\"; ma=2592000,h3-Q050=\":443\"; ma=2592000,h3-Q046=\":443\"; ma=2592000,h3-Q043=\":443\"; ma=2592000,quic=\":443\"; ma=2592000; v=\"46,43\"","accept-ranges":"none","transfer-encoding":"chunked"}
[debug] [2021-11-16T08:43:58.178Z] >>> HTTP REQUEST PUT https://storage.googleapis.com/gcf-upload-us-central1-7c0eb6ef-43c5-469f-ac2d-d6f39458eefe/b871a268-7665-4d9e-98ce-2bade9ae8bf1.zip?GoogleAccessId=service-1020971501865@gcf-admin-robot.iam.gserviceaccount.com&Expires=1637054037&Signature=vBvg%2F%2FH0AYA4cpATMy8ioCBe%2FLpkTb%2BdLGUGx4tHYSyvEhSTmclWcM5MmJyOqBcytIysB0V9RH9vC9tsHUZBlt270YPKnJxLU7CuUBrdmfF0dydHoOH0Qnok9e8lv9yicMN5ORDazipAjQjfwQiLJO105DHV%2BuhCjCY7Jt74qo4QTPUOAUAIRmKfiyQqBLknacrD3wtD2jbkHXFVveD3HEPa51p1919ohC%2B%2Fu0hGSn9%2FVLGG5UAV6FMQtQDS0AmX589%2BQnHEgnPIPxTXmPwA0LQPcnynW5JvcHC9nhrzh0LIhwGc8FHEJY0GZDW2RXC2JcIg39nxUDdrKH9HbTrVjg%3D%3D  
 <request body omitted>
[debug] [2021-11-16T08:46:54.158Z] <<< HTTP RESPONSE 200 {"x-guploader-uploadid":"ADPycdumgHX5BcUsPTEqSCt2DBJzaYLVAVvQfhJ4_APo502X-7UDj_zQGODKS9J0ccPeUg1bjxaGxCgFVEn_15RyxDGs99ApMw","etag":"\"882d546ec402b753fb1dde15b386578a\"","x-goog-generation":"1637052413312068","x-goog-metageneration":"1","x-goog-hash":"crc32c=my8urg==, md5=iC1UbsQCt1P7Hd4Vs4ZXig==","x-goog-stored-content-length":"81943757","x-goog-stored-content-encoding":"identity","vary":"Origin","content-length":"0","date":"Tue, 16 Nov 2021 08:46:53 GMT","server":"UploadServer","content-type":"text/html; charset=UTF-8","alt-svc":"h3=\":443\"; ma=2592000,h3-29=\":443\"; ma=2592000,h3-Q050=\":443\"; ma=2592000,h3-Q046=\":443\"; ma=2592000,h3-Q043=\":443\"; ma=2592000,quic=\":443\"; ma=2592000; v=\"46,43\""}
[info] +  functions: . folder uploaded successfully 
[info] i  hosting[myreactcryptotracker]: beginning deploy... 
[info] i  hosting[myreactcryptotracker]: found 4 files in public 
[debug] [2021-11-16T08:46:54.184Z] > refreshing access token with scopes: []
[debug] [2021-11-16T08:46:54.184Z] >>> HTTP REQUEST POST https://www.googleapis.com/oauth2/v3/token  
 <request body omitted>
[debug] [2021-11-16T08:46:54.188Z] [hosting] hash cache [cHVibGlj] stored for 4 files
[debug] [2021-11-16T08:46:54.188Z] [hosting][hash queue][FINAL] {"max":2,"min":1,"avg":1,"active":0,"complete":4,"success":4,"errored":0,"retried":0,"total":4,"elapsed":7}
[debug] [2021-11-16T08:46:54.765Z] <<< HTTP RESPONSE 200 {"date":"Tue, 16 Nov 2021 08:46:53 GMT","expires":"Mon, 01 Jan 1990 00:00:00 GMT","pragma":"no-cache","cache-control":"no-cache, no-store, max-age=0, must-revalidate","content-type":"application/json; charset=utf-8","vary":"X-Origin, Referer, Origin,Accept-Encoding","server":"scaffolding on HTTPServer2","x-xss-protection":"0","x-frame-options":"SAMEORIGIN","x-content-type-options":"nosniff","alt-svc":"h3=\":443\"; ma=2592000,h3-29=\":443\"; ma=2592000,h3-Q050=\":443\"; ma=2592000,h3-Q046=\":443\"; ma=2592000,h3-Q043=\":443\"; ma=2592000,quic=\":443\"; ma=2592000; v=\"46,43\"","accept-ranges":"none","transfer-encoding":"chunked"}
[debug] [2021-11-16T08:46:54.795Z] >>> [apiv2][query] POST https://firebasehosting.googleapis.com/v1beta1/sites/myreactcryptotracker/versions/3056ee48852679e5:populateFiles [none]
[debug] [2021-11-16T08:46:54.795Z] >>> [apiv2][body] POST https://firebasehosting.googleapis.com/v1beta1/sites/myreactcryptotracker/versions/3056ee48852679e5:populateFiles {"files":{"/404.html":"daa499dd96d8229e73235345702ba32f0793f0c8e5c0d30e40e37a5872be57aa\r","/Black logo - no background.svg":"fba347d79d427dc28856eaa0d7a07bf37a9fccbbc7661941c26283ad7c462e8b","/favicon.ico":"43127f4210c52bcd0f30f291f1ee296ab41ddd1566905dc27fe1129e0175c8f1\r","/vercel.svg":"addb1409a65d5b908722a90e27a4c53d11cfd5f15acb97fd24e7e6369c1485ae\r"}}
[debug] [2021-11-16T08:46:56.675Z] <<< [apiv2][status] POST https://firebasehosting.googleapis.com/v1beta1/sites/myreactcryptotracker/versions/3056ee48852679e5:populateFiles 200
[debug] [2021-11-16T08:46:56.675Z] <<< [apiv2][body] POST https://firebasehosting.googleapis.com/v1beta1/sites/myreactcryptotracker/versions/3056ee48852679e5:populateFiles {"uploadUrl":"https://upload-firebasehosting.googleapis.com/upload/sites/myreactcryptotracker/versions/3056ee48852679e5/files"}
[debug] [2021-11-16T08:46:56.676Z] [hosting][populate queue][FINAL] {"max":2493,"min":2493,"avg":2493,"active":0,"complete":1,"success":1,"errored":0,"retried":0,"total":1,"elapsed":2493}
[debug] [2021-11-16T08:46:56.676Z] [hosting] uploads queued: 0
[debug] [2021-11-16T08:46:56.676Z] [hosting][upload queue][FINAL] {"max":0,"min":9999999999,"avg":0,"active":0,"complete":0,"success":0,"errored":0,"retried":0,"total":0,"elapsed":1637052416676}
[info] +  hosting[myreactcryptotracker]: file upload complete 
[debug] [2021-11-16T08:46:56.677Z] [hosting] deploy completed after 2512ms
[info] i  functions: updating Node.js 16 function nextServer(us-central1)... 
[debug] [2021-11-16T08:46:56.685Z] > refreshing access token with scopes: ["email","https://www.googleapis.com/auth/cloud-platform","https://www.googleapis.com/auth/cloudplatformprojects.readonly","https://www.googleapis.com/auth/firebase","openid"]
[debug] [2021-11-16T08:46:56.686Z] >>> HTTP REQUEST POST https://www.googleapis.com/oauth2/v3/token  
 <request body omitted>
[debug] [2021-11-16T08:46:58.279Z] <<< HTTP RESPONSE 200 {"cache-control":"no-cache, no-store, max-age=0, must-revalidate","expires":"Mon, 01 Jan 1990 00:00:00 GMT","pragma":"no-cache","date":"Tue, 16 Nov 2021 08:46:57 GMT","content-type":"application/json; charset=utf-8","vary":"X-Origin, Referer, Origin,Accept-Encoding","server":"scaffolding on HTTPServer2","x-xss-protection":"0","x-frame-options":"SAMEORIGIN","x-content-type-options":"nosniff","alt-svc":"h3=\":443\"; ma=2592000,h3-29=\":443\"; ma=2592000,h3-Q050=\":443\"; ma=2592000,h3-Q046=\":443\"; ma=2592000,h3-Q043=\":443\"; ma=2592000,quic=\":443\"; ma=2592000; v=\"46,43\"","accept-ranges":"none","transfer-encoding":"chunked"}
[debug] [2021-11-16T08:46:58.300Z] >>> HTTP REQUEST PATCH https://cloudfunctions.googleapis.com/v1/projects/myreactcryptotracker/locations/us-central1/functions/nextServer {"updateMask":"name,sourceUploadUrl,entryPoint,runtime,labels,httpsTrigger,availableMemoryMb,environmentVariables,sourceToken"} 
 {"name":"projects/myreactcryptotracker/locations/us-central1/functions/nextServer","sourceUploadUrl":"https://storage.googleapis.com/gcf-upload-us-central1-7c0eb6ef-43c5-469f-ac2d-d6f39458eefe/b871a268-7665-4d9e-98ce-2bade9ae8bf1.zip?GoogleAccessId=service-1020971501865@gcf-admin-robot.iam.gserviceaccount.com&Expires=1637054037&Signature=vBvg%2F%2FH0AYA4cpATMy8ioCBe%2FLpkTb%2BdLGUGx4tHYSyvEhSTmclWcM5MmJyOqBcytIysB0V9RH9vC9tsHUZBlt270YPKnJxLU7CuUBrdmfF0dydHoOH0Qnok9e8lv9yicMN5ORDazipAjQjfwQiLJO105DHV%2BuhCjCY7Jt74qo4QTPUOAUAIRmKfiyQqBLknacrD3wtD2jbkHXFVveD3HEPa51p1919ohC%2B%2Fu0hGSn9%2FVLGG5UAV6FMQtQDS0AmX589%2BQnHEgnPIPxTXmPwA0LQPcnynW5JvcHC9nhrzh0LIhwGc8FHEJY0GZDW2RXC2JcIg39nxUDdrKH9HbTrVjg%3D%3D","entryPoint":"nextServer","runtime":"nodejs16","labels":{"deployment-tool":"cli-firebase"},"httpsTrigger":{},"availableMemoryMb":256,"environmentVariables":{"FIREBASE_CONFIG":"{\"projectId\":\"myreactcryptotracker\",\"storageBucket\":\"myreactcryptotracker.appspot.com\"}","GCLOUD_PROJECT":"myreactcryptotracker"}}
[debug] [2021-11-16T08:46:59.242Z] <<< HTTP RESPONSE 200 {"content-type":"application/json; charset=UTF-8","vary":"X-Origin, Referer, Origin,Accept-Encoding","date":"Tue, 16 Nov 2021 08:46:58 GMT","server":"ESF","cache-control":"private","x-xss-protection":"0","x-frame-options":"SAMEORIGIN","x-content-type-options":"nosniff","alt-svc":"h3=\":443\"; ma=2592000,h3-29=\":443\"; ma=2592000,h3-Q050=\":443\"; ma=2592000,h3-Q046=\":443\"; ma=2592000,h3-Q043=\":443\"; ma=2592000,quic=\":443\"; ma=2592000; v=\"46,43\"","accept-ranges":"none","transfer-encoding":"chunked"}
[debug] [2021-11-16T08:46:59.246Z] > refreshing access token with scopes: []
[debug] [2021-11-16T08:46:59.246Z] >>> HTTP REQUEST POST https://www.googleapis.com/oauth2/v3/token  
 <request body omitted>
[debug] [2021-11-16T08:46:59.788Z] <<< HTTP RESPONSE 200 {"expires":"Mon, 01 Jan 1990 00:00:00 GMT","pragma":"no-cache","cache-control":"no-cache, no-store, max-age=0, must-revalidate","date":"Tue, 16 Nov 2021 08:46:58 GMT","content-type":"application/json; charset=utf-8","vary":"X-Origin, Referer, Origin,Accept-Encoding","server":"scaffolding on HTTPServer2","x-xss-protection":"0","x-frame-options":"SAMEORIGIN","x-content-type-options":"nosniff","alt-svc":"h3=\":443\"; ma=2592000,h3-29=\":443\"; ma=2592000,h3-Q050=\":443\"; ma=2592000,h3-Q046=\":443\"; ma=2592000,h3-Q043=\":443\"; ma=2592000,quic=\":443\"; ma=2592000; v=\"46,43\"","accept-ranges":"none","transfer-encoding":"chunked"}
